2024-11-28 15:59:47,946 [INFO]: Initializing game...
2024-11-28 15:59:47,946 [INFO]: Loaded JSON file: /home/ron/workspace/projects/StorySmith/game/../assets/config/settings.json
2024-11-28 15:59:47,946 [INFO]: Loaded JSON file: /home/ron/workspace/projects/StorySmith/game/../assets/config/story.json
2024-11-28 15:59:47,946 [INFO]: Loaded JSON file: /home/ron/workspace/projects/StorySmith/game/../assets/config/classes.json
2024-11-28 15:59:47,946 [ERROR]: An error occurred: No such file or directory: '/home/ron/workspace/projects/StorySmith/game/../assets/fonts/ui/roboto_regular.ttf'.
2024-11-28 16:03:00,014 [INFO]: Initializing game...
2024-11-28 16:03:00,015 [INFO]: Loaded JSON file: /home/ron/workspace/projects/StorySmith/game/../assets/config/settings.json
2024-11-28 16:03:00,015 [INFO]: Loaded JSON file: /home/ron/workspace/projects/StorySmith/game/../assets/config/story.json
2024-11-28 16:03:00,015 [INFO]: Loaded JSON file: /home/ron/workspace/projects/StorySmith/game/../assets/config/classes.json
2024-11-28 16:03:00,016 [ERROR]: An error occurred: Stage start_stage not found.
2024-11-28 16:05:30,671 [INFO]: Initializing game...
2024-11-28 16:05:30,671 [INFO]: Loaded JSON file: /home/ron/workspace/projects/StorySmith/game/../assets/config/settings.json
2024-11-28 16:05:30,671 [INFO]: Loaded JSON file: /home/ron/workspace/projects/StorySmith/game/../assets/config/story.json
2024-11-28 16:05:30,671 [INFO]: Loaded JSON file: /home/ron/workspace/projects/StorySmith/game/../assets/config/classes.json
2024-11-28 16:05:30,671 [ERROR]: An error occurred: expected str, bytes or os.PathLike object, not dict
2024-11-28 16:07:55,254 [INFO]: Initializing game...
2024-11-28 16:07:55,254 [INFO]: Loaded JSON file: /home/ron/workspace/projects/StorySmith/game/../assets/config/settings.json
2024-11-28 16:07:55,254 [INFO]: Loaded JSON file: /home/ron/workspace/projects/StorySmith/game/../assets/config/story.json
2024-11-28 16:07:55,254 [INFO]: Loaded JSON file: /home/ron/workspace/projects/StorySmith/game/../assets/config/classes.json
2024-11-28 16:07:55,255 [ERROR]: An error occurred: expected str, bytes or os.PathLike object, not dict
2024-11-28 16:13:29,172 [INFO]: Initializing game...
2024-11-28 16:13:29,172 [INFO]: Loaded JSON file: /home/ron/workspace/projects/StorySmith/game/../assets/config/settings.json
2024-11-28 16:13:29,172 [INFO]: Loaded JSON file: /home/ron/workspace/projects/StorySmith/game/../assets/config/story.json
2024-11-28 16:13:29,172 [INFO]: Loaded JSON file: /home/ron/workspace/projects/StorySmith/game/../assets/config/classes.json
2024-11-28 16:13:29,172 [ERROR]: An error occurred: expected str, bytes or os.PathLike object, not dict
2024-11-28 16:14:32,575 [INFO]: Initializing game...
2024-11-28 16:14:32,575 [INFO]: Loaded JSON file: /home/ron/workspace/projects/StorySmith/game/../assets/config/settings.json
2024-11-28 16:14:32,575 [INFO]: Loaded JSON file: /home/ron/workspace/projects/StorySmith/game/../assets/config/story.json
2024-11-28 16:14:32,575 [INFO]: Loaded JSON file: /home/ron/workspace/projects/StorySmith/game/../assets/config/classes.json
2024-11-28 16:14:32,575 [ERROR]: An error occurred: expected str, bytes or os.PathLike object, not dict
2024-11-28 16:17:40,851 [INFO]: Initializing game...
2024-11-28 16:17:40,851 [INFO]: Loaded JSON file: /home/ron/workspace/projects/StorySmith/game/../assets/config/settings.json
2024-11-28 16:17:40,851 [INFO]: Loaded JSON file: /home/ron/workspace/projects/StorySmith/game/../assets/config/story.json
2024-11-28 16:17:40,851 [INFO]: Loaded JSON file: /home/ron/workspace/projects/StorySmith/game/../assets/config/classes.json
2024-11-28 16:17:40,851 [ERROR]: An error occurred: expected str, bytes or os.PathLike object, not dict
2024-11-28 16:21:25,620 [INFO]: Initializing game systems...
2024-11-28 16:26:05,694 [INFO]: Initializing game systems...
2024-11-28 16:28:23,700 [INFO]: Initializing game systems...
2024-11-28 16:31:15,327 [INFO]: Initializing game systems...
2024-11-28 16:32:44,355 [INFO]: Initializing game systems...
2024-11-28 16:34:35,736 [INFO]: Initializing game systems...
2024-11-28 16:35:54,473 [INFO]: Initializing game systems...
2024-11-28 16:39:23,439 [INFO]: Initializing game systems...
2024-11-28 16:40:23,416 [INFO]: Initializing game systems...
2024-11-28 16:41:10,889 [INFO]: Initializing game systems...
2024-11-28 16:41:47,815 [INFO]: Initializing game systems...
